<?xml version="1.0" encoding="UTF-8"?>
<!-- Generated by org.testng.reporters.JUnitReportReporter -->
<testsuite hostname="LAPTOP-CH4OCH9Q" failures="0" tests="1" name="testscript.HomeTest" time="8.337" errors="0" timestamp="2025-09-09T10:25:49 IST" skipped="0">
  <testcase classname="testscript.HomeTest" name="verifyHomePageLogout" time="8.337"/>
</testsuite> <!-- testscript.HomeTest -->
