<?xml version="1.0" encoding="UTF-8"?>
<!-- Generated by org.testng.reporters.JUnitReportReporter -->
<testsuite hostname="LAPTOP-CH4OCH9Q" failures="0" tests="5" name="testscript.ManageNewsTest" time="38.842" errors="0" timestamp="2025-09-01T09:39:33 IST" skipped="0">
  <testcase classname="testscript.ManageNewsTest" name="verifyAddNews" time="8.699"/>
  <testcase classname="testscript.ManageNewsTest" name="verifySearchFunctionalityinManageNewsPage" time="8.322"/>
  <testcase classname="testscript.ManageNewsTest" name="verifySearchRestfunctionalityinManageNewsPage" time="8.393"/>
  <testcase classname="testscript.ManageNewsTest" name="verifyHomePageLink" time="7.106"/>
  <testcase classname="testscript.ManageNewsTest" name="verifySearchClickinManageNewsPage" time="6.322"/>
</testsuite> <!-- testscript.ManageNewsTest -->
