<?xml version="1.0" encoding="UTF-8"?>
<!-- Generated by org.testng.reporters.JUnitReportReporter -->
<testsuite hostname="LAPTOP-CH4OCH9Q" failures="0" tests="6" name="testscript.LoginTest" time="48.476" errors="0" timestamp="2025-09-15T10:28:21 IST" skipped="0">
  <testcase classname="testscript.LoginTest" name="VerifyLoginWithInvalidUsernameandPassword" time="10.286"/>
  <testcase classname="testscript.LoginTest" name="VerifyLoginWithInvalidUsernameandPassword" time="6.426"/>
  <testcase classname="testscript.LoginTest" name="VerifyLoginWithInvalidUsernameandPassword" time="7.582"/>
  <testcase classname="testscript.LoginTest" name="VerifyLoginWithInvalidUsernameandPassword" time="5.641"/>
  <testcase classname="testscript.LoginTest" name="VerifyLoginWithInvalidUsernameandPassword" time="9.043"/>
  <testcase classname="testscript.LoginTest" name="VerifyLoginWithInvalidUsernameandPassword" time="9.498"/>
</testsuite> <!-- testscript.LoginTest -->
