<?xml version="1.0" encoding="UTF-8"?>
<!-- Generated by org.testng.reporters.JUnitReportReporter -->
<testsuite hostname="LAPTOP-CH4OCH9Q" failures="0" tests="1" name="testscript.AdminTest" time="7.020" errors="0" timestamp="2025-09-09T10:25:49 IST" skipped="0">
  <testcase classname="testscript.AdminTest" name="verifyAddUserFunctionality" time="7.020"/>
</testsuite> <!-- testscript.AdminTest -->
