<?xml version="1.0" encoding="UTF-8"?>
<!-- Generated by org.testng.reporters.JUnitReportReporter -->
<testsuite hostname="LAPTOP-CH4OCH9Q" failures="0" tests="4" name="testscript.LoginTest" time="21.667" errors="0" timestamp="2025-08-28T09:10:16 IST" skipped="0">
  <testcase classname="testscript.LoginTest" name="VerifyLoginWithInvalidUsernameandPassword" time="2.925"/>
  <testcase classname="testscript.LoginTest" name="VerifyLoginWithInvalidPassword" time="3.852"/>
  <testcase classname="testscript.LoginTest" name="VerifyLoginWithInvalidUsername" time="3.229"/>
  <testcase classname="testscript.LoginTest" name="verifyLoginWithValidCredentials" time="11.661"/>
</testsuite> <!-- testscript.LoginTest -->
