<?xml version="1.0" encoding="UTF-8"?>
<!-- Generated by org.testng.reporters.JUnitReportReporter -->
<testsuite hostname="LAPTOP-CH4OCH9Q" failures="0" tests="4" name="testscript.ManageNewsTest" time="21.643" errors="0" timestamp="2025-09-09T10:25:49 IST" skipped="0">
  <testcase classname="testscript.ManageNewsTest" name="verifySearchFunctionality" time="4.837"/>
  <testcase classname="testscript.ManageNewsTest" name="verifySearchResetfunctionality" time="5.476"/>
  <testcase classname="testscript.ManageNewsTest" name="verifyHomePageLink" time="5.195"/>
  <testcase classname="testscript.ManageNewsTest" name="verifyAddNews" time="6.135"/>
</testsuite> <!-- testscript.ManageNewsTest -->
