<?xml version="1.0" encoding="UTF-8"?>
<!-- Generated by org.testng.reporters.JUnitReportReporter -->
<testsuite hostname="LAPTOP-CH4OCH9Q" failures="0" tests="1" name="testscript.AdminTest" time="6.758" errors="0" timestamp="2025-09-10T10:26:16 IST" skipped="0">
  <testcase classname="testscript.AdminTest" name="verifyAddUserFunctionality" time="6.758"/>
</testsuite> <!-- testscript.AdminTest -->
