<?xml version="1.0" encoding="UTF-8"?>
<!-- Generated by org.testng.reporters.JUnitReportReporter -->
<testsuite hostname="LAPTOP-CH4OCH9Q" failures="0" tests="4" name="testscript.LoginTest" time="15.086" errors="0" timestamp="2025-09-09T10:25:49 IST" skipped="0">
  <testcase classname="testscript.LoginTest" name="verifyLoginWithValidCredentials" time="3.794"/>
  <testcase classname="testscript.LoginTest" name="VerifyLoginWithInvalidPassword" time="4.215"/>
  <testcase classname="testscript.LoginTest" name="VerifyLoginWithInvalidUsername" time="3.356"/>
  <testcase classname="testscript.LoginTest" name="VerifyLoginWithInvalidUsernameandPassword" time="3.721"/>
</testsuite> <!-- testscript.LoginTest -->
